<?xml version="1.0" encoding="UTF-8"?>
<!-- Generated by org.testng.reporters.JUnitXMLReporter -->
<testsuite hostname="RSLPTP1013" ignored="0" name="Command line test" tests="2" failures="2" timestamp="24 Jul 2020 15:51:38 GMT" time="0.099" errors="0">
  <testcase name="test1" time="0.038" classname="org.qa.seleniumDemo.AssertDemo">
    <failure type="java.lang.AssertionError" message="The following asserts failed:
	expected [true] but found [false]">
      <![CDATA[java.lang.AssertionError: The following asserts failed:
expected [true] but found [false]
at org.qa.seleniumDemo.AssertDemo.test1(AssertDemo.java:18)
at org.qa.seleniumDemo.RunnerTest.main(RunnerTest.java:13)
... Removed 23 stack frames]]>
    </failure>
  </testcase> <!-- test1 -->
  <testcase name="test2" time="0.003" classname="org.qa.seleniumDemo.AssertDemo">
    <failure type="junit.framework.AssertionFailedError">
      <![CDATA[junit.framework.AssertionFailedError
at junit.framework.Assert.fail(Assert.java:48)
at junit.framework.Assert.assertTrue(Assert.java:20)
at junit.framework.Assert.assertTrue(Assert.java:27)
at org.qa.seleniumDemo.AssertDemo.test2(AssertDemo.java:25)
at org.qa.seleniumDemo.RunnerTest.main(RunnerTest.java:13)
... Removed 22 stack frames]]>
    </failure>
  </testcase> <!-- test2 -->
</testsuite> <!-- Command line test -->
